TN:
SF:frontend/conversation_manager.js
FN:22,(anonymous_0)
FN:38,(anonymous_1)
FN:43,(anonymous_2)
FN:52,(anonymous_3)
FN:70,(anonymous_4)
FN:81,(anonymous_5)
FN:102,(anonymous_6)
FN:103,(anonymous_7)
FN:124,(anonymous_8)
FN:134,(anonymous_9)
FN:159,(anonymous_10)
FN:178,(anonymous_11)
FN:182,(anonymous_12)
FN:207,(anonymous_13)
FN:235,(anonymous_14)
FN:239,(anonymous_15)
FN:244,(anonymous_16)
FN:272,(anonymous_17)
FN:278,(anonymous_18)
FN:299,(anonymous_19)
FN:307,(anonymous_20)
FN:322,(anonymous_21)
FN:330,(anonymous_22)
FN:345,(anonymous_23)
FN:353,(anonymous_24)
FN:367,(anonymous_25)
FN:377,(anonymous_26)
FN:384,(anonymous_27)
FN:391,(anonymous_28)
FN:398,(anonymous_29)
FN:405,(anonymous_30)
FN:412,(anonymous_31)
FN:421,(anonymous_32)
FN:428,(anonymous_33)
FN:430,(anonymous_34)
FN:434,(anonymous_35)
FN:436,(anonymous_36)
FNF:37
FNH:14
FNDA:0,(anonymous_0)
FNDA:14,(anonymous_1)
FNDA:8,(anonymous_2)
FNDA:14,(anonymous_3)
FNDA:0,(anonymous_4)
FNDA:3,(anonymous_5)
FNDA:0,(anonymous_6)
FNDA:0,(anonymous_7)
FNDA:0,(anonymous_8)
FNDA:1,(anonymous_9)
FNDA:1,(anonymous_10)
FNDA:5,(anonymous_11)
FNDA:2,(anonymous_12)
FNDA:0,(anonymous_13)
FNDA:1,(anonymous_14)
FNDA:0,(anonymous_15)
FNDA:0,(anonymous_16)
FNDA:1,(anonymous_17)
FNDA:0,(anonymous_18)
FNDA:1,(anonymous_19)
FNDA:0,(anonymous_20)
FNDA:1,(anonymous_21)
FNDA:0,(anonymous_22)
FNDA:1,(anonymous_23)
FNDA:0,(anonymous_24)
FNDA:0,(anonymous_25)
FNDA:0,(anonymous_26)
FNDA:0,(anonymous_27)
FNDA:0,(anonymous_28)
FNDA:0,(anonymous_29)
FNDA:0,(anonymous_30)
FNDA:0,(anonymous_31)
FNDA:0,(anonymous_32)
FNDA:0,(anonymous_33)
FNDA:0,(anonymous_34)
FNDA:11,(anonymous_35)
FNDA:0,(anonymous_36)
DA:6,1
DA:15,1
DA:23,0
DA:24,0
DA:25,0
DA:26,0
DA:27,0
DA:28,0
DA:29,0
DA:30,0
DA:31,0
DA:32,0
DA:35,0
DA:39,14
DA:40,14
DA:44,8
DA:45,8
DA:46,8
DA:48,0
DA:53,14
DA:57,14
DA:58,8
DA:59,8
DA:61,6
DA:62,0
DA:64,6
DA:71,0
DA:72,0
DA:74,0
DA:82,3
DA:83,0
DA:86,3
DA:87,3
DA:89,3
DA:90,3
DA:91,3
DA:92,3
DA:93,3
DA:95,3
DA:96,2
DA:97,2
DA:98,2
DA:99,2
DA:100,2
DA:102,0
DA:103,0
DA:104,0
DA:106,2
DA:107,2
DA:109,0
DA:111,2
DA:112,2
DA:114,1
DA:115,1
DA:117,3
DA:125,0
DA:126,0
DA:128,0
DA:135,1
DA:136,1
DA:141,0
DA:142,0
DA:143,0
DA:144,0
DA:145,0
DA:147,0
DA:148,0
DA:149,0
DA:151,1
DA:152,1
DA:160,1
DA:161,1
DA:162,0
DA:163,0
DA:164,0
DA:166,0
DA:167,0
DA:168,0
DA:170,1
DA:171,1
DA:179,5
DA:181,2
DA:182,2
DA:183,2
DA:186,2
DA:189,5
DA:190,5
DA:199,5
DA:203,4
DA:204,4
DA:207,4
DA:208,4
DA:209,0
DA:211,0
DA:212,0
DA:215,4
DA:216,4
DA:217,4
DA:219,1
DA:220,1
DA:231,1
DA:236,1
DA:237,1
DA:238,1
DA:239,1
DA:241,1
DA:245,0
DA:246,0
DA:247,0
DA:248,0
DA:249,0
DA:250,0
DA:251,0
DA:255,0
DA:256,0
DA:257,0
DA:259,0
DA:262,0
DA:263,0
DA:265,0
DA:273,1
DA:274,1
DA:278,0
DA:279,0
DA:281,0
DA:282,0
DA:283,0
DA:284,0
DA:285,0
DA:288,0
DA:289,0
DA:291,1
DA:292,1
DA:300,1
DA:301,1
DA:305,0
DA:307,0
DA:308,0
DA:310,0
DA:311,0
DA:312,0
DA:314,1
DA:315,1
DA:323,1
DA:324,1
DA:328,0
DA:330,0
DA:331,0
DA:333,0
DA:334,0
DA:335,0
DA:337,1
DA:338,1
DA:346,1
DA:347,1
DA:351,0
DA:353,0
DA:354,0
DA:356,0
DA:357,0
DA:359,1
DA:360,1
DA:368,0
DA:369,0
DA:370,0
DA:371,0
DA:378,0
DA:385,0
DA:392,0
DA:399,0
DA:406,0
DA:413,0
DA:419,0
DA:422,0
DA:423,0
DA:425,0
DA:429,0
DA:430,0
DA:435,11
DA:436,0
DA:437,0
DA:438,0
DA:440,0
DA:448,1
DA:449,1
DA:451,0
DA:452,0
DA:453,0
LF:188
LH:84
BRDA:23,0,0,0
BRDA:23,0,1,0
BRDA:23,0,2,0
BRDA:40,1,0,1
BRDA:40,1,1,13
BRDA:45,2,0,8
BRDA:45,2,1,0
BRDA:52,3,0,4
BRDA:55,4,0,14
BRDA:55,4,1,14
BRDA:57,5,0,8
BRDA:57,5,1,6
BRDA:61,6,0,0
BRDA:61,6,1,6
BRDA:81,7,0,3
BRDA:81,8,0,3
BRDA:82,9,0,0
BRDA:82,9,1,3
BRDA:86,10,0,3
BRDA:86,10,1,0
BRDA:97,11,0,2
BRDA:97,11,1,0
BRDA:98,12,0,2
BRDA:98,12,1,0
BRDA:99,13,0,2
BRDA:99,13,1,0
BRDA:106,14,0,2
BRDA:106,14,1,0
BRDA:125,15,0,0
BRDA:125,15,1,0
BRDA:134,16,0,1
BRDA:164,17,0,0
BRDA:164,17,1,0
BRDA:178,18,0,5
BRDA:178,19,0,5
BRDA:178,20,0,5
BRDA:179,21,0,2
BRDA:179,21,1,3
BRDA:181,22,0,2
BRDA:181,22,1,0
BRDA:208,23,0,0
BRDA:208,23,1,4
BRDA:237,24,0,1
BRDA:237,24,1,0
BRDA:249,25,0,0
BRDA:249,25,1,0
BRDA:262,26,0,0
BRDA:262,26,1,0
BRDA:279,27,0,0
BRDA:279,27,1,0
BRDA:281,28,0,0
BRDA:281,28,1,0
BRDA:308,29,0,0
BRDA:308,29,1,0
BRDA:331,30,0,0
BRDA:331,30,1,0
BRDA:354,31,0,0
BRDA:354,31,1,0
BRDA:422,32,0,0
BRDA:422,32,1,0
BRDA:429,33,0,0
BRDA:429,33,1,0
BRDA:435,34,0,0
BRDA:435,34,1,11
BRDA:448,35,0,1
BRDA:448,35,1,0
BRDA:448,36,0,1
BRDA:448,36,1,1
BRF:68
BRH:30
end_of_record
TN:
SF:frontend/conversation_ui.js
FN:10,(anonymous_0)
FN:14,initializeConversationUI
FN:20,setupConversationEventListeners
FN:32,(anonymous_3)
FN:38,(anonymous_4)
FN:45,(anonymous_5)
FN:51,(anonymous_6)
FN:57,setupConversationManagerListeners
FN:60,(anonymous_8)
FN:68,openConversationsModal
FN:74,closeConversationsModal
FN:78,updateFilterButtons
FN:91,displayConversations
FN:97,(anonymous_13)
FN:98,(anonymous_14)
FN:116,(anonymous_15)
FN:119,(anonymous_16)
FN:125,(anonymous_17)
FN:141,_updateConversationItem
FN:167,_bindConversationItemListeners
FN:168,(anonymous_20)
FN:171,(anonymous_21)
FN:175,(anonymous_22)
FN:179,(anonymous_23)
FN:185,updateLoadMoreState
FN:210,createConversationItem
FN:244,loadConversation
FN:263,(anonymous_27)
FN:284,toggleFavorite
FN:295,deleteConversation
FN:319,shareConversation
FN:343,displayMessageInChat
FN:408,generateId
FN:412,searchConversations
FN:416,showNotification
FN:429,(anonymous_35)
FN:432,(anonymous_36)
FN:434,(anonymous_37)
FN:438,getNotificationIcon
FN:447,escapeHtml
FN:453,debounce
FN:455,executedFunction
FN:456,(anonymous_42)
FN:465,loadConversationIntoInterpreter
FNF:44
FNH:15
FNDA:0,(anonymous_0)
FNDA:0,initializeConversationUI
FNDA:0,setupConversationEventListeners
FNDA:0,(anonymous_3)
FNDA:0,(anonymous_4)
FNDA:0,(anonymous_5)
FNDA:0,(anonymous_6)
FNDA:0,setupConversationManagerListeners
FNDA:0,(anonymous_8)
FNDA:0,openConversationsModal
FNDA:3,closeConversationsModal
FNDA:0,updateFilterButtons
FNDA:18,displayConversations
FNDA:0,(anonymous_13)
FNDA:0,(anonymous_14)
FNDA:21,(anonymous_15)
FNDA:8,(anonymous_16)
FNDA:21,(anonymous_17)
FNDA:7,_updateConversationItem
FNDA:14,_bindConversationItemListeners
FNDA:1,(anonymous_20)
FNDA:0,(anonymous_21)
FNDA:0,(anonymous_22)
FNDA:0,(anonymous_23)
FNDA:18,updateLoadMoreState
FNDA:14,createConversationItem
FNDA:4,loadConversation
FNDA:0,(anonymous_27)
FNDA:0,toggleFavorite
FNDA:0,deleteConversation
FNDA:0,shareConversation
FNDA:0,displayMessageInChat
FNDA:0,generateId
FNDA:0,searchConversations
FNDA:5,showNotification
FNDA:0,(anonymous_35)
FNDA:0,(anonymous_36)
FNDA:0,(anonymous_37)
FNDA:5,getNotificationIcon
FNDA:14,escapeHtml
FNDA:0,debounce
FNDA:0,executedFunction
FNDA:0,(anonymous_42)
FNDA:3,loadConversationIntoInterpreter
DA:6,12
DA:10,12
DA:11,0
DA:16,0
DA:17,0
DA:22,0
DA:23,0
DA:26,0
DA:29,0
DA:32,0
DA:33,0
DA:34,0
DA:35,0
DA:38,0
DA:39,0
DA:40,0
DA:41,0
DA:45,0
DA:46,0
DA:47,0
DA:51,0
DA:52,0
DA:53,0
DA:59,0
DA:60,0
DA:62,0
DA:64,0
DA:65,0
DA:69,0
DA:71,0
DA:75,3
DA:79,0
DA:80,0
DA:82,0
DA:83,0
DA:84,0
DA:86,0
DA:87,0
DA:92,18
DA:93,18
DA:94,18
DA:96,18
DA:97,18
DA:98,18
DA:100,18
DA:101,2
DA:108,2
DA:109,2
DA:113,16
DA:115,16
DA:116,21
DA:119,16
DA:120,8
DA:125,16
DA:126,21
DA:127,21
DA:128,7
DA:130,14
DA:131,14
DA:132,14
DA:133,14
DA:135,21
DA:138,16
DA:142,7
DA:144,7
DA:145,7
DA:146,7
DA:148,7
DA:149,7
DA:150,7
DA:151,7
DA:152,7
DA:153,7
DA:156,7
DA:157,7
DA:158,7
DA:159,7
DA:160,1
DA:161,6
DA:162,0
DA:168,14
DA:169,1
DA:171,14
DA:172,0
DA:173,0
DA:175,14
DA:176,0
DA:177,0
DA:179,14
DA:180,0
DA:181,0
DA:186,18
DA:187,18
DA:188,18
DA:189,0
DA:192,18
DA:193,18
DA:194,18
DA:195,18
DA:197,18
DA:198,16
DA:199,2
DA:200,0
DA:202,2
DA:205,18
DA:206,18
DA:207,18
DA:211,14
DA:212,14
DA:213,14
DA:214,14
DA:216,14
DA:245,4
DA:246,4
DA:248,3
DA:250,3
DA:251,3
DA:253,3
DA:254,3
DA:256,3
DA:258,3
DA:259,3
DA:261,0
DA:262,0
DA:263,0
DA:266,3
DA:267,3
DA:271,3
DA:272,3
DA:274,1
DA:275,1
DA:279,1
DA:280,1
DA:285,0
DA:286,0
DA:287,0
DA:288,0
DA:290,0
DA:291,0
DA:296,0
DA:298,0
DA:299,0
DA:300,0
DA:301,0
DA:304,0
DA:305,0
DA:306,0
DA:307,0
DA:308,0
DA:311,0
DA:313,0
DA:314,0
DA:320,0
DA:321,0
DA:324,0
DA:327,0
DA:328,0
DA:329,0
DA:332,0
DA:335,0
DA:338,0
DA:339,0
DA:344,0
DA:346,0
DA:347,0
DA:348,0
DA:350,0
DA:351,0
DA:352,0
DA:355,0
DA:356,0
DA:359,0
DA:360,0
DA:361,0
DA:362,0
DA:363,0
DA:364,0
DA:365,0
DA:366,0
DA:368,0
DA:369,0
DA:370,0
DA:371,0
DA:373,0
DA:374,0
DA:375,0
DA:377,0
DA:378,0
DA:380,0
DA:381,0
DA:382,0
DA:383,0
DA:384,0
DA:387,0
DA:390,0
DA:391,0
DA:394,0
DA:397,0
DA:398,0
DA:402,0
DA:403,0
DA:409,0
DA:413,0
DA:418,5
DA:419,5
DA:420,5
DA:426,5
DA:429,5
DA:432,5
DA:433,0
DA:434,0
DA:439,5
DA:440,3
DA:441,1
DA:442,1
DA:443,0
DA:448,14
DA:449,14
DA:450,14
DA:455,0
DA:456,0
DA:457,0
DA:458,0
DA:460,0
DA:461,0
DA:466,3
DA:467,3
DA:479,3
DA:480,1
DA:483,2
DA:484,2
DA:487,1
DA:488,1
DA:493,12
DA:501,12
LF:235
LH:109
BRDA:82,0,0,0
BRDA:82,0,1,0
BRDA:97,1,0,0
BRDA:97,1,1,18
BRDA:98,2,0,0
BRDA:98,2,1,18
BRDA:98,3,0,0
BRDA:98,3,1,0
BRDA:100,4,0,2
BRDA:100,4,1,16
BRDA:104,5,0,0
BRDA:104,5,1,2
BRDA:120,6,0,1
BRDA:120,6,1,7
BRDA:127,7,0,7
BRDA:127,7,1,14
BRDA:144,8,0,7
BRDA:144,8,1,0
BRDA:146,9,0,1
BRDA:146,9,1,6
BRDA:146,10,0,7
BRDA:146,10,1,7
BRDA:149,11,0,7
BRDA:149,11,1,0
BRDA:151,12,0,1
BRDA:151,12,1,6
BRDA:153,13,0,7
BRDA:153,13,1,0
BRDA:153,14,0,1
BRDA:153,14,1,6
BRDA:157,15,0,7
BRDA:157,15,1,0
BRDA:159,16,0,1
BRDA:159,16,1,6
BRDA:159,17,0,7
BRDA:159,17,1,1
BRDA:161,18,0,0
BRDA:161,18,1,6
BRDA:161,19,0,6
BRDA:161,19,1,6
BRDA:169,20,0,1
BRDA:169,20,1,0
BRDA:188,21,0,0
BRDA:188,21,1,18
BRDA:188,22,0,18
BRDA:188,22,1,18
BRDA:197,23,0,16
BRDA:197,23,1,2
BRDA:199,24,0,0
BRDA:199,24,1,2
BRDA:205,25,0,0
BRDA:205,25,1,18
BRDA:207,26,0,0
BRDA:207,26,1,18
BRDA:213,27,0,14
BRDA:213,27,1,0
BRDA:217,28,0,3
BRDA:217,28,1,11
BRDA:223,29,0,0
BRDA:223,29,1,14
BRDA:224,30,0,0
BRDA:224,30,1,14
BRDA:229,31,0,0
BRDA:229,31,1,14
BRDA:230,32,0,0
BRDA:230,32,1,14
BRDA:231,33,0,0
BRDA:231,33,1,14
BRDA:251,34,0,3
BRDA:251,34,1,0
BRDA:253,35,0,3
BRDA:253,35,1,0
BRDA:258,36,0,3
BRDA:258,36,1,0
BRDA:262,37,0,0
BRDA:262,37,1,0
BRDA:267,38,0,3
BRDA:267,38,1,0
BRDA:296,39,0,0
BRDA:296,39,1,0
BRDA:298,40,0,0
BRDA:298,40,1,0
BRDA:304,41,0,0
BRDA:304,41,1,0
BRDA:307,42,0,0
BRDA:307,42,1,0
BRDA:308,43,0,0
BRDA:308,43,1,0
BRDA:327,44,0,0
BRDA:327,44,1,0
BRDA:327,45,0,0
BRDA:327,45,1,0
BRDA:348,46,0,0
BRDA:348,46,1,0
BRDA:355,47,0,0
BRDA:355,47,1,0
BRDA:356,48,0,0
BRDA:356,48,1,0
BRDA:359,49,0,0
BRDA:359,49,1,0
BRDA:360,50,0,0
BRDA:360,50,1,0
BRDA:362,51,0,0
BRDA:362,51,1,0
BRDA:373,52,0,0
BRDA:373,52,1,0
BRDA:374,53,0,0
BRDA:374,53,1,0
BRDA:377,54,0,0
BRDA:377,54,1,0
BRDA:380,55,0,0
BRDA:380,55,1,0
BRDA:383,56,0,0
BRDA:383,56,1,0
BRDA:397,57,0,0
BRDA:397,57,1,0
BRDA:402,58,0,0
BRDA:402,58,1,0
BRDA:402,59,0,0
BRDA:402,59,1,0
BRDA:416,60,0,0
BRDA:439,61,0,3
BRDA:439,61,1,1
BRDA:439,61,2,1
BRDA:439,61,3,0
BRDA:479,62,0,1
BRDA:479,62,1,2
BRF:127
BRH:54
end_of_record
